2023-09-06 22:27:15,671 - SimpleLog4NetLogSystem initialized using logfile 'nvelocity.log'
2023-09-06 22:27:15,675 - ************************************************************** 
2023-09-06 22:27:15,675 - Starting NVelocity v0.4.1
2023-09-06 22:27:15,675 - RuntimeInstance initializing.
2023-09-06 22:27:15,675 - Default Properties File: NVelocity.Runtime.Defaults.nvelocity.properties
2023-09-06 22:27:15,675 - Trying to use logger class NVelocity.Runtime.Log.SimpleLog4NetLogSystem,NVelocity
2023-09-06 22:27:15,675 - Using logger class NVelocity.Runtime.Log.SimpleLog4NetLogSystem,NVelocity
2023-09-06 22:27:15,677 - Default ResourceManager initializing. (NVelocity.Runtime.Resource.ResourceManagerImpl)
2023-09-06 22:27:15,678 - Resource Loader Instantiated: NVelocity.Runtime.Resource.Loader.FileResourceLoader
2023-09-06 22:27:15,679 - FileResourceLoader : initialization starting.
2023-09-06 22:27:15,679 - FileResourceLoader : adding path '.'
2023-09-06 22:27:15,679 - FileResourceLoader : initialization complete.
2023-09-06 22:27:15,679 - ResourceCache : initialized. (NVelocity.Runtime.Resource.ResourceCacheImpl)
2023-09-06 22:27:15,679 - Default ResourceManager initialization complete.
2023-09-06 22:27:15,686 - Loaded System Directive: NVelocity.Runtime.Directive.Parse,NVelocity
2023-09-06 22:27:15,686 - Loaded System Directive: NVelocity.Runtime.Directive.Include,NVelocity
2023-09-06 22:27:15,686 - Loaded System Directive: NVelocity.Runtime.Directive.Macro,NVelocity
2023-09-06 22:27:15,686 - Loaded System Directive: NVelocity.Runtime.Directive.Literal,NVelocity
2023-09-06 22:27:15,686 - Loaded System Directive: NVelocity.Runtime.Directive.Foreach,NVelocity
2023-09-06 22:27:15,689 - Created: 20 parsers.
2023-09-06 22:27:15,690 - Velocimacro : initialization starting.
2023-09-06 22:27:15,690 - Velocimacro : adding VMs from VM library template : VM_global_library.vm
2023-09-06 22:27:15,699 - ResourceManager : unable to find resource 'VM_global_library.vm' in any resource loader.
2023-09-06 22:27:15,701 - Velocimacro : error using  VM library template VM_global_library.vm : NVelocity.Exception.ResourceNotFoundException: Unable to find resource 'VM_global_library.vm'
   在 NVelocity.Runtime.Resource.ResourceManagerImpl.getResource(String resourceName, Int32 resourceType, String encoding)
   在 NVelocity.Runtime.RuntimeInstance.getTemplate(String name, String encoding)
   在 NVelocity.Runtime.RuntimeInstance.getTemplate(String name)
   在 NVelocity.Runtime.VelocimacroFactory.initVelocimacro()
2023-09-06 22:27:15,701 - Velocimacro :  VM library template macro registration complete.
2023-09-06 22:27:15,701 - Velocimacro : allowInline = true : VMs can be defined inline in templates
2023-09-06 22:27:15,701 - Velocimacro : allowInlineToOverride = false : VMs defined inline may NOT replace previous VM definitions
2023-09-06 22:27:15,701 - Velocimacro : allowInlineLocal = false : VMs defined inline will be  global in scope if allowed.
2023-09-06 22:27:15,701 - Velocimacro : messages on  : VM system will output logging messages
2023-09-06 22:27:15,701 - Velocimacro : autoload off  : VM system will not automatically reload global library macros
2023-09-06 22:27:15,701 - Velocimacro : initialization complete.
2023-09-06 22:27:15,701 - NVelocity successfully started.
