2024-11-14 22:52:06,406 - SimpleLog4NetLogSystem initialized using logfile 'nvelocity.log'
2024-11-14 22:52:06,410 - ************************************************************** 
2024-11-14 22:52:06,410 - Starting NVelocity v0.4.1
2024-11-14 22:52:06,410 - RuntimeInstance initializing.
2024-11-14 22:52:06,410 - Default Properties File: NVelocity.Runtime.Defaults.nvelocity.properties
2024-11-14 22:52:06,410 - Trying to use logger class NVelocity.Runtime.Log.SimpleLog4NetLogSystem,NVelocity
2024-11-14 22:52:06,410 - Using logger class NVelocity.Runtime.Log.SimpleLog4NetLogSystem,NVelocity
2024-11-14 22:52:06,411 - Default ResourceManager initializing. (NVelocity.Runtime.Resource.ResourceManagerImpl)
2024-11-14 22:52:06,413 - Resource Loader Instantiated: NVelocity.Runtime.Resource.Loader.FileResourceLoader
2024-11-14 22:52:06,414 - FileResourceLoader : initialization starting.
2024-11-14 22:52:06,414 - FileResourceLoader : adding path '.'
2024-11-14 22:52:06,414 - FileResourceLoader : initialization complete.
2024-11-14 22:52:06,414 - ResourceCache : initialized. (NVelocity.Runtime.Resource.ResourceCacheImpl)
2024-11-14 22:52:06,414 - Default ResourceManager initialization complete.
2024-11-14 22:52:06,420 - Loaded System Directive: NVelocity.Runtime.Directive.Parse,NVelocity
2024-11-14 22:52:06,421 - Loaded System Directive: NVelocity.Runtime.Directive.Include,NVelocity
2024-11-14 22:52:06,421 - Loaded System Directive: NVelocity.Runtime.Directive.Macro,NVelocity
2024-11-14 22:52:06,421 - Loaded System Directive: NVelocity.Runtime.Directive.Literal,NVelocity
2024-11-14 22:52:06,421 - Loaded System Directive: NVelocity.Runtime.Directive.Foreach,NVelocity
2024-11-14 22:52:06,424 - Created: 20 parsers.
2024-11-14 22:52:06,425 - Velocimacro : initialization starting.
2024-11-14 22:52:06,425 - Velocimacro : adding VMs from VM library template : VM_global_library.vm
2024-11-14 22:52:06,434 - ResourceManager : unable to find resource 'VM_global_library.vm' in any resource loader.
2024-11-14 22:52:06,435 - Velocimacro : error using  VM library template VM_global_library.vm : NVelocity.Exception.ResourceNotFoundException: Unable to find resource 'VM_global_library.vm'
   在 NVelocity.Runtime.Resource.ResourceManagerImpl.getResource(String resourceName, Int32 resourceType, String encoding)
   在 NVelocity.Runtime.RuntimeInstance.getTemplate(String name, String encoding)
   在 NVelocity.Runtime.RuntimeInstance.getTemplate(String name)
   在 NVelocity.Runtime.VelocimacroFactory.initVelocimacro()
2024-11-14 22:52:06,435 - Velocimacro :  VM library template macro registration complete.
2024-11-14 22:52:06,435 - Velocimacro : allowInline = true : VMs can be defined inline in templates
2024-11-14 22:52:06,435 - Velocimacro : allowInlineToOverride = false : VMs defined inline may NOT replace previous VM definitions
2024-11-14 22:52:06,435 - Velocimacro : allowInlineLocal = false : VMs defined inline will be  global in scope if allowed.
2024-11-14 22:52:06,435 - Velocimacro : messages on  : VM system will output logging messages
2024-11-14 22:52:06,435 - Velocimacro : autoload off  : VM system will not automatically reload global library macros
2024-11-14 22:52:06,435 - Velocimacro : initialization complete.
2024-11-14 22:52:06,435 - NVelocity successfully started.
